<?xml version="1.0" encoding="UTF-8"?>
<!-- Generated by org.testng.reporters.JUnitXMLReporter -->
<testsuite ignored="0" hostname="DESKTOP-N22QR8J" failures="0" tests="4" name="Default test" time="0.141" errors="0" timestamp="2021-05-17T12:01:34 IST">
  <testcase classname="PragtiSoftwareTesting.NewCalculatorAPI.TestMultiplication" name="@BeforeSuite CreateResultFolder" time="-1.621233094726E9">
    <failure type="org.testng.TestNGException" message="
Parameter &amp;apos;RequestID&amp;apos; is required by BeforeSuite on method CreateResultFolder but has not been marked @Optional or defined
in C:\Users\ASUS\AppData\Local\Temp\testng-eclipse-979595370\testng-customsuite.xml">
      <![CDATA[org.testng.TestNGException: 
Parameter 'RequestID' is required by BeforeSuite on method CreateResultFolder but has not been marked @Optional or defined
in C:\Users\ASUS\AppData\Local\Temp\testng-eclipse-979595370\testng-customsuite.xml
at org.testng.internal.Parameters.createParams(Parameters.java:270)
at org.testng.internal.Parameters.createParametersForMethod(Parameters.java:358)
at org.testng.internal.Parameters.createParameters(Parameters.java:700)
at org.testng.internal.Parameters.createConfigurationParameters(Parameters.java:168)
at org.testng.internal.ConfigInvoker.invokeConfigurations(ConfigInvoker.java:302)
at org.testng.SuiteRunner.privateRun(SuiteRunner.java:317)
at org.testng.SuiteRunner.run(SuiteRunner.java:276)
at org.testng.SuiteRunnerWorker.runSuite(SuiteRunnerWorker.java:53)
at org.testng.SuiteRunnerWorker.run(SuiteRunnerWorker.java:96)
at org.testng.TestNG.runSuitesSequentially(TestNG.java:1212)
at org.testng.TestNG.runSuitesLocally(TestNG.java:1134)
at org.testng.TestNG.runSuites(TestNG.java:1063)
at org.testng.TestNG.run(TestNG.java:1031)
at org.testng.remote.AbstractRemoteTestNG.run(AbstractRemoteTestNG.java:115)
at org.testng.remote.RemoteTestNG.initAndRun(RemoteTestNG.java:251)
at org.testng.remote.RemoteTestNG.main(RemoteTestNG.java:77)
]]>
    </failure>
  </testcase> <!-- @BeforeSuite CreateResultFolder -->
  <testcase classname="PragtiSoftwareTesting.NewCalculatorAPI.TestMultiplication" name="@BeforeClass Init" time="-1.621233094783E9">
    <skipped/>
  </testcase> <!-- @BeforeClass Init -->
  <testcase classname="PragtiSoftwareTesting.NewCalculatorAPI.TestMultiplication" name="@BeforeMethod ReinitializeResult" time="-1.621233094829E9">
    <skipped/>
  </testcase> <!-- @BeforeMethod ReinitializeResult -->
  <testcase classname="PragtiSoftwareTesting.NewCalculatorAPI.TestMultiplication" name="@BeforeMethod ReinitializeResult" time="-1.621233094843E9">
    <skipped/>
  </testcase> <!-- @BeforeMethod ReinitializeResult -->
  <testcase classname="PragtiSoftwareTesting.NewCalculatorAPI.TestMultiplication" name="@BeforeMethod ReinitializeResult" time="-1.621233094857E9">
    <skipped/>
  </testcase> <!-- @BeforeMethod ReinitializeResult -->
  <testcase classname="PragtiSoftwareTesting.NewCalculatorAPI.TestMultiplication" name="@BeforeMethod ReinitializeResult" time="-1.621233094865E9">
    <skipped/>
  </testcase> <!-- @BeforeMethod ReinitializeResult -->
  <testcase classname="PragtiSoftwareTesting.NewCalculatorAPI.TestMultiplication" name="TestMultiplicationWithPositiveValues" time="0.0">
    <skipped/>
  </testcase> <!-- TestMultiplicationWithPositiveValues -->
  <testcase classname="PragtiSoftwareTesting.NewCalculatorAPI.TestMultiplication" name="TestMultiplicationWithPositiveValues" time="0.0">
    <skipped/>
  </testcase> <!-- TestMultiplicationWithPositiveValues -->
  <testcase classname="PragtiSoftwareTesting.NewCalculatorAPI.TestMultiplication" name="TestMultiplicationWithPositiveValues" time="0.0">
    <skipped/>
  </testcase> <!-- TestMultiplicationWithPositiveValues -->
  <testcase classname="PragtiSoftwareTesting.NewCalculatorAPI.TestMultiplication" name="TestMultiplicationWithPositiveValues" time="0.0">
    <skipped/>
  </testcase> <!-- TestMultiplicationWithPositiveValues -->
</testsuite> <!-- Default test -->
